Arguments: 
  /usr/local/bin/node /usr/local/Cellar/yarn/1.7.0/libexec/bin/yarn.js init

PATH: 
  /usr/local/bin:/usr/bin:/bin:/usr/sbin:/sbin:/Applications/Wireshark.app/Contents/MacOS:/Applications/Postgres.app/Contents/Versions/latest/bin

Yarn version: 
  1.7.0

Node version: 
  10.5.0

Platform: 
  darwin x64

Trace: 
  Error: canceled
      at Interface.<anonymous> (/usr/local/Cellar/yarn/1.7.0/libexec/lib/cli.js:131036:13)
      at Interface.emit (events.js:182:13)
      at Interface._ttyWrite (readline.js:783:16)
      at ReadStream.onkeypress (readline.js:168:10)
      at ReadStream.emit (events.js:182:13)
      at emitKeys (internal/readline.js:422:14)
      at emitKeys.next (<anonymous>)
      at ReadStream.onData (readline.js:1022:36)
      at ReadStream.emit (events.js:182:13)
      at addChunk (_stream_readable.js:283:12)

npm manifest: 
  {
    "name": "lemonplace",
    "version": "1.0.0",
    "description": "",
    "main": "index.php",
    "scripts": {
      "init": "docker-compose up --build",
      "seed": "cat db.sql | docker exec -i CONTAINER /usr/bin/mysql -u root --password=root lemonplace",
      "test": "echo \"Error: no test specified\" && exit 1"
    },
    "repository": {
      "type": "git",
      "url": "git+https://github.com/tolicodes/lemonplace.com.git"
    },
    "author": "",
    "license": "ISC",
    "bugs": {
      "url": "https://github.com/tolicodes/lemonplace.com/issues"
    },
    "homepage": "https://github.com/tolicodes/lemonplace.com#readme"
  }

yarn manifest: 
  No manifest

Lockfile: 
  No lockfile
